[TIME]: 2016-06-25 14:17:18 ERROR: 你好
[TIME]: 2016-06-25 14:29:21 ERROR: 你好
[TIME]: 2016-06-25 14:32:16 ERROR: 你好
[TIME]: 2016-06-25 14:35:11 ERROR: 你好
[TIME]: 2016-06-25 14:35:36 ERROR: 你好
[TIME]: 2016-06-25 14:35:37 ERROR: 你好
[TIME]: 2016-06-25 14:35:38 ERROR: 你好
[TIME]: 2016-06-25 14:35:38 ERROR: 你好
[TIME]: 2016-06-25 14:35:38 ERROR: 你好
[TIME]: 2016-06-25 14:35:39 ERROR: 你好
[TIME]: 2016-06-25 14:35:59 ERROR: 你好
[TIME]: 2016-06-25 14:36:00 ERROR: 你好
[TIME]: 2016-06-25 14:36:00 ERROR: 你好
[TIME]: 2016-06-25 14:36:00 ERROR: 你好
[TIME]: 2016-06-25 14:36:00 ERROR: 你好
[TIME]: 2016-06-25 14:36:01 ERROR: 你好
[TIME]: 2016-06-25 14:36:01 ERROR: 你好
[TIME]: 2016-06-25 14:36:01 ERROR: 你好
[TIME]: 2016-06-25 14:36:01 ERROR: 你好
[TIME]: 2016-06-25 14:36:01 ERROR: 你好
[TIME]: 2016-06-25 14:36:01 ERROR: 你好
[TIME]: 2016-06-25 14:36:01 ERROR: 你好
[TIME]: 2016-06-25 14:36:02 ERROR: 你好
[TIME]: 2016-06-25 14:36:02 ERROR: 你好
[TIME]: 2016-06-25 14:36:02 ERROR: 你好
[TIME]: 2016-06-25 14:36:02 ERROR: 你好
[TIME]: 2016-06-25 14:36:52 ERROR: 你好
[TIME]: 2016-06-25 14:36:55 ERROR: 你好
[TIME]: 2016-06-25 14:36:55 ERROR: 你好
[TIME]: 2016-06-25 14:37:09 ERROR: 你好
[TIME]: 2016-06-25 14:37:10 ERROR: 你好
[TIME]: 2016-06-25 14:37:10 ERROR: 你好
[TIME]: 2016-06-25 14:37:10 ERROR: 你好
[TIME]: 2016-06-25 14:37:10 ERROR: 你好
[TIME]: 2016-06-25 14:37:10 ERROR: 你好
[TIME]: 2016-06-25 14:37:26 ERROR: 你好
[TIME]: 2016-06-25 14:37:27 ERROR: 你好
[TIME]: 2016-06-25 14:37:27 ERROR: 你好
[TIME]: 2016-06-25 14:37:28 ERROR: 你好
[TIME]: 2016-06-25 14:37:28 ERROR: 你好
[TIME]: 2016-06-25 14:37:28 ERROR: 你好
[TIME]: 2016-06-25 14:37:28 ERROR: 你好
[TIME]: 2016-06-25 14:37:28 ERROR: 你好
[TIME]: 2016-06-25 14:37:28 ERROR: 你好
[TIME]: 2016-06-25 14:37:29 ERROR: 你好
[TIME]: 2016-06-25 14:37:29 ERROR: 你好
[TIME]: 2016-06-25 14:37:29 ERROR: 你好
[TIME]: 2016-06-25 14:37:41 ERROR: 你好
[TIME]: 2016-06-25 14:37:57 ERROR: 你好
[TIME]: 2016-06-25 14:37:58 ERROR: 你好
[TIME]: 2016-06-25 14:37:58 ERROR: 你好
[TIME]: 2016-06-25 14:37:58 ERROR: 你好
[TIME]: 2016-06-25 14:38:27 ERROR: 你好
[TIME]: 2016-06-25 14:38:33 ERROR: 你好
[TIME]: 2016-06-25 14:39:01 ERROR: 你好
[TIME]: 2016-06-25 14:39:12 ERROR: 你好
[TIME]: 2016-06-25 14:39:37 ERROR: 你好
[TIME]: 2016-06-25 14:40:38 ERROR: 你好
[TIME]: 2016-06-25 14:42:25 ERROR: 你好
[TIME]: 2016-06-25 16:25:30 ERROR: 你好
[TIME]: 2016-06-25 16:57:12 ERROR: 出错了
[TIME]: 2016-06-25 16:57:54 ERROR: 出错了
[TIME]: 2016-06-25 16:58:59 ERROR: 出错了
[TIME]: 2016-06-25 16:59:56 ERROR: 出错了
[TIME]: 2016-06-25 17:16:25 ERROR: D:/wamp/www/kuaixueapp/Index/Tpl/Index/index.php模板文件不存在
[TIME]: 2016-06-25 18:47:57 ERROR: D:/wamp/www/kuaixueapp/Admin/Controller/loginController.class.php控制器未找到
[TIME]: 2016-06-25 18:48:34 ERROR: D:/wamp/www/kuaixueapp/Admin/Controller/loginController.class.php控制器未找到
[TIME]: 2016-06-25 18:49:04 ERROR: D:/wamp/www/kuaixueapp/Admin/Controller/loginController.class.php控制器未找到
[TIME]: 2016-06-25 18:57:16 ERROR: indexController控制器中indexes方法不存在
